<?xml version="1.0" encoding="UTF-8"?>
<!--
  ~     Percussion CMS
  ~     Copyright (C) 1999-2020 Percussion Software, Inc.
  ~
  ~     This program is free software: you can redistribute it and/or modify
  ~     it under the terms of the GNU Affero General Public License as published by the Free Software Foundation, either version 3 of the License, or (at your option) any later version.
  ~
  ~     This program is distributed in the hope that it will be useful,
  ~     but WITHOUT ANY WARRANTY; without even the implied warranty of
  ~     MERCHANTABILITY or FITNESS FOR A PARTICULAR PURPOSE.  See the
  ~     GNU Affero General Public License for more details.
  ~
  ~     Mailing Address:
  ~
  ~      Percussion Software, Inc.
  ~      PO Box 767
  ~      Burlington, MA 01803, USA
  ~      +01-781-438-9900
  ~      support@percussion.com
  ~      https://www.percusssion.com
  ~
  ~     You should have received a copy of the GNU Affero General Public License along with this program.  If not, see <https://www.gnu.org/licenses/>
  -->

<beans xmlns="http://www.springframework.org/schema/beans"
   xmlns:xsi="http://www.w3.org/2001/XMLSchema-instance"
   xmlns:tx="http://www.springframework.org/schema/tx"
   xmlns:context="http://www.springframework.org/schema/context"
   xsi:schemaLocation="
      http://www.springframework.org/schema/beans http://www.springframework.org/schema/beans/spring-beans.xsd
      http://www.springframework.org/schema/tx http://www.springframework.org/schema/tx/spring-tx.xsd
      http://www.springframework.org/schema/context http://www.springframework.org/schema/context/spring-context.xsd
      http://www.springframework.org/schema/aop http://www.springframework.org/schema/aop/spring-aop.xsd">

  <context:component-scan base-package="com.percussion.delivery.forms.impl" />

   <bean id="propertyPlaceholderProps"
         class="com.percussion.delivery.utils.spring.PSPropertiesFactoryBean">
      <property name="ignoreResourceNotFound" value="true" />
      <property name="autoSecure" value="true" />
      <property name="securedProperties">
         <list>
            <value>cacheMgr.password</value>
            <value>db.password</value>
            <value>email.password</value>
            <value>recaptcha.secret</value>
         </list>
      </property>
      <property name="locations">
         <!-- One or more locations of the property files. Properties with 
            the same name override based on the order the file appears in the list last 
            one defined wins -->
         <list>
            <value>perc-datasources.properties</value>
            <value>perc-form-processor.properties</value>
             <value>perc-security.properties</value>
         </list>
      </property>
      <!-- Local properties to default to if no file exists or the properties 
         do not exist in the file DO NOT USE THESE FOR PRODUCTION, put them in the 
         properties file where the password will be encrypted -->
      <property name="properties">
         <props>
            <!-- Global and database-agnostic Hibernate properties -->
            <prop key="datasource">percDataSource</prop>
            <prop key="hibernateProperties">percHibernateProperties</prop>
            <prop key="hibernate.cache.use_second_level_cache">false</prop>
            <prop key="hibernate.cache.use_query_cache">false</prop>
            
		    <!-- Apache Derby -->
	        <prop key="jdbcUrl">jdbc:derby:memory:percforms;create=true</prop>
	        <prop key="jdbcDriver">org.apache.derby.jdbc.EmbeddedDriver</prop>
	        <prop key="db.username">APP</prop>
	        <prop key="db.password">test</prop>
	        <prop key="db.schema">APP</prop>
	        <prop key="hibernate.dialect">com.percussion.delivery.rdbms.DerbyTenOneFourDialect</prop>
	        <prop key="hibernate.query.substitutions">true 'T', false 'F'</prop>
			            <prop key="cacheMgr.cacheManagerHost">https://localhost:8443</prop>
            <prop key="cacheMgr.username">ps_manager</prop>
            <prop key="cacheMgr.password">newpassword</prop>


            <!-- default properties for encryption -->
            <prop key="encryption.type">ENC</prop>
            <!-- default properties for Spring Security -->
            <prop key="ContentSecurityPolicy">default-src 'self' *;</prop>

            <!-- default properties for email service -->
            <prop key="email.hostName"></prop>
            <prop key="email.portNumber"></prop>
            <prop key="email.userName"></prop>
            <prop key="email.password"></prop>
            <prop key="email.TLS"></prop>
            <prop key="email.fromAddress"></prop>
            <prop key="email.fromName"></prop>
            <prop key="email.sslPort"></prop>
            <prop key="email.bounceAddress"></prop>
            <prop key="recaptcha.on">false</prop>
            <prop key="recaptcha.secret"></prop>
            <prop key="recaptcha.url">https://www.google.com/recaptcha/api/siteverify</prop>
            <prop key="recaptcha.userAgent">Mozilla/5.0</prop>   
            <prop key="enabledCiphers">TLS_AES_128_GCM_SHA256,TLS_AES_256_GCM_SHA384,TLS_DH_RSA_WITH_AES_128_GCM_SHA256,TLS_ECDHE_RSA_WITH_AES_128_CBC_SHA256,TLS_ECDHE_ECDSA_WITH_AES_256_CBC_SHA,TLS_ECDHE_RSA_WITH_AES_256_CBC_SHA,TLS_RSA_WITH_AES_256_CBC_SHA,TLS_ECDH_ECDSA_WITH_AES_256_CBC_SHA,TLS_ECDH_RSA_WITH_AES_256_CBC_SHA,TLS_ECDHE_ECDSA_WITH_AES_128_CBC_SHA,TLS_ECDHE_RSA_WITH_AES_128_CBC_SHA,TLS_RSA_WITH_AES_128_CBC_SHA,TLS_ECDH_ECDSA_WITH_AES_128_CBC_SHA,TLS_ECDH_RSA_WITH_AES_128_CBC_SHA,TLS_ECDHE_ECDSA_WITH_3DES_EDE_CBC_SHA,TLS_ECDHE_RSA_WITH_3DES_EDE_CBC_SHA,SSL_RSA_WITH_3DES_EDE_CBC_SHA,TLS_ECDH_ECDSA_WITH_3DES_EDE_CBC_SHA,TLS_ECDH_RSA_WITH_3DES_EDE_CBC_SHA,TLS_ECDHE_ECDSA_WITH_RC4_128_SHA,TLS_ECDHE_RSA_WITH_RC4_128_SHA,SSL_RSA_WITH_RC4_128_SHA,TLS_ECDH_ECDSA_WITH_RC4_128_SHA,TLS_ECDH_RSA_WITH_RC4_128_SHA,SSL_RSA_WITH_RC4_128_MD5,TLS_EMPTY_RENEGOTIATION_INFO_SCSV</prop>
         </props>
      </property>
   </bean>

   <bean id="propertyConfigurer"
         class="com.percussion.delivery.utils.spring.PSPropertyPlaceholderConfigurer">
      <property name="properties" ref="propertyPlaceholderProps" />
   </bean>

   <bean id="emailProperties"
      class="org.springframework.beans.factory.config.PropertiesFactoryBean">
      <property name="properties">
         <props>
             <prop key="email.hostName">${email.hostName}</prop>
             <prop key="email.portNumber">${email.portNumber}</prop>
             <prop key="email.userName">${email.userName}</prop>
             <prop key="email.password">${email.password}</prop>
             <prop key="email.TLS">${email.TLS}</prop>
             <prop key="email.fromAddress">${email.fromAddress}</prop>
             <prop key="email.fromName">${email.fromName}</prop>
             <!-- Add the sslPort property with proper port to enable ssl -->
             <prop key="email.sslPort">${email.sslPort}</prop>
             <prop key="email.bounceAddress">${email.bounceAddress}</prop>
         </props>
      </property>
   </bean>

    <import resource="perc-datasources.xml" />
   <import resource="security.xml" />

    <tx:annotation-driven transaction-manager="txManager"/>

    <bean id="txManager" class="org.springframework.orm.hibernate5.HibernateTransactionManager">
        <property name="sessionFactory" ref="formSessionFactory" />
    </bean>

   <!-- Hibernate SessionFactory -->
   <bean id="formSessionFactory"
         class="org.springframework.orm.hibernate5.LocalSessionFactoryBean">
      <property name="dataSource">
         <ref bean="${datasource}" />
      </property>
      <property name="hibernateProperties">
         <ref bean="${hibernateProperties}" />
      </property>
      <property name="configLocation">
         <value>hibernate.cfg.xml</value>
      </property>
   </bean>


   <bean id="formDao" class="com.percussion.delivery.forms.impl.rdbms.PSFormDao">
      <property name="sessionFactory">
         <ref bean="formSessionFactory" />
      </property>
   </bean>
   
    <bean id="recaptchaService" class="com.percussion.delivery.forms.impl.PSRecaptchaService" autowire="constructor">
      <constructor-arg index = "0" value = "${recaptcha.on}"/>
      <constructor-arg index = "1" value = "${recaptcha.url}"/>
      <constructor-arg index = "2" value = "${recaptcha.secret}"/>
      <constructor-arg index = "3" value = "${recaptcha.userAgent}"/>
   </bean>
   

   <bean id="emailHelper" class="com.percussion.delivery.forms.impl.PSMockEmailHelper" autowire="constructor">
      
   </bean>
      
   <!-- Define Form Service bean -->
   <bean id="formService" class="com.percussion.delivery.forms.impl.PSFormService">
      <constructor-arg ref="formDao"/>
      <property name="emailHelper">
         <ref bean="emailHelper" />
      </property>
        <property name="recaptchaService">
      	<ref bean="recaptchaService" />
      </property>
   </bean>

   <bean id="formRestService" class="com.percussion.delivery.forms.impl.PSFormRestService">
     <constructor-arg index = "0" ref="formService" />
      <constructor-arg index = "1" value="${enabledCiphers}" />
   </bean>

</beans>
